This file contains any messages produced by compilers while
running configure, to aid debugging if configure makes a mistake.

It was created by CitcomS configure 3.1.0, which was
generated by GNU Autoconf 2.63.  Invocation command line was

  $ ./configure --with-pyre=yes --with-hdf5=no

## --------- ##
## Platform. ##
## --------- ##

hostname = raijin4
uname -m = x86_64
uname -r = 3.10.0-327.36.3.el6.x86_64
uname -s = Linux
uname -v = #1 SMP Fri Jan 6 03:29:21 UTC 2017

/usr/bin/uname -p = unknown
/bin/uname -X     = unknown

/bin/arch              = x86_64
/usr/bin/arch -k       = unknown
/usr/convex/getsysinfo = unknown
/usr/bin/hostinfo      = unknown
/bin/machine           = unknown
/usr/bin/oslevel       = unknown
/bin/universe          = unknown

PATH: /apps/intel-ct/cc-wrapper
PATH: /apps/intel-ct/13.2.146/cc/bin/intel64
PATH: /apps/openmpi/wrapper/fortran
PATH: /apps/openmpi/wrapper
PATH: /apps/openmpi/1.4.3/bin
PATH: /opt/bin
PATH: /bin
PATH: /usr/bin
PATH: /opt/pbs/default/bin
PATH: /home/562/rxh562/CIG_rakib/CitcomS/visual/
PATH: /home/562/rxh562/pp_scripts/
PATH: /home/562/rxh562/CIG_rakib/CitcomS/visual/
PATH: /home/562/rxh562/pp_scripts/
PATH: .


## ----------- ##
## Core tests. ##
## ----------- ##

configure:2157: checking for a BSD-compatible install
configure:2225: result: /usr/bin/install -c
configure:2236: checking whether build environment is sane
configure:2296: result: yes
configure:2437: checking for a thread-safe mkdir -p
configure:2476: result: /bin/mkdir -p
configure:2489: checking for gawk
configure:2505: found /bin/gawk
configure:2516: result: gawk
configure:2527: checking whether make sets $(MAKE)
configure:2549: result: yes
configure:2836: checking for C compiler version
configure:2844: icc --version >&5
icc (ICC) 13.1.0 20130121
Copyright (C) 1985-2013 Intel Corporation.  All rights reserved.

configure:2848: $? = 0
configure:2855: icc -v >&5
icc version 13.1.0 (gcc version 4.4.7 compatibility)
configure:2859: $? = 0
configure:2866: icc -V >&5
Intel(R) C Intel(R) 64 Compiler XE for applications running on Intel(R) 64, Version 13.1.0.146 Build 20130121
Copyright (C) 1985-2013 Intel Corporation.  All rights reserved.

configure:2870: $? = 0
configure:2893: checking for C compiler default output file name
configure:2915: icc    conftest.c  >&5
configure:2919: $? = 0
configure:2957: result: a.out
configure:2976: checking whether the C compiler works
configure:2986: ./a.out
configure:2990: $? = 0
configure:3009: result: yes
configure:3016: checking whether we are cross compiling
configure:3018: result: no
configure:3021: checking for suffix of executables
configure:3028: icc -o conftest    conftest.c  >&5
configure:3032: $? = 0
configure:3058: result: 
configure:3064: checking for suffix of object files
configure:3090: icc -c   conftest.c >&5
configure:3094: $? = 0
configure:3119: result: o
configure:3123: checking whether we are using the GNU C compiler
configure:3152: icc -c   conftest.c >&5
configure:3159: $? = 0
configure:3176: result: yes
configure:3185: checking whether icc accepts -g
configure:3215: icc -c -g  conftest.c >&5
configure:3222: $? = 0
configure:3323: result: yes
configure:3340: checking for icc option to accept ISO C89
configure:3414: icc  -c -g -O2  conftest.c >&5
configure:3421: $? = 0
configure:3444: result: none needed
configure:3473: checking for style of include used by make
configure:3501: result: GNU
configure:3526: checking dependency style of icc
configure:3636: result: gcc3
configure:3763: checking for C++ compiler version
configure:3771: icpc --version >&5
icpc (ICC) 13.1.0 20130121
Copyright (C) 1985-2013 Intel Corporation.  All rights reserved.

configure:3775: $? = 0
configure:3782: icpc -v >&5
icpc version 13.1.0 (gcc version 4.4.7 compatibility)
configure:3786: $? = 0
configure:3793: icpc -V >&5
Intel(R) C++ Intel(R) 64 Compiler XE for applications running on Intel(R) 64, Version 13.1.0.146 Build 20130121
Copyright (C) 1985-2013 Intel Corporation.  All rights reserved.

configure:3797: $? = 0
configure:3800: checking whether we are using the GNU C++ compiler
configure:3829: icpc -c   conftest.cpp >&5
configure:3836: $? = 0
configure:3853: result: yes
configure:3862: checking whether icpc accepts -g
configure:3892: icpc -c -g  conftest.cpp >&5
configure:3899: $? = 0
configure:4000: result: yes
configure:4025: checking dependency style of icpc
configure:4135: result: gcc3
configure:4158: checking how to run the C preprocessor
configure:4198: icc -E  conftest.c
configure:4205: $? = 0
configure:4236: icc -E  conftest.c
conftest.c(10): error #2379: cannot open source file "ac_nonexistent.h"
  #include <ac_nonexistent.h>
                             ^

configure:4243: $? = 2
configure: failed program was:
| /* confdefs.h.  */
| #define PACKAGE_NAME "CitcomS"
| #define PACKAGE_TARNAME "CitcomS"
| #define PACKAGE_VERSION "3.1.0"
| #define PACKAGE_STRING "CitcomS 3.1.0"
| #define PACKAGE_BUGREPORT "cig-mc@geodynamics.org"
| #define PACKAGE "CitcomS"
| #define VERSION "3.1.0"
| /* end confdefs.h.  */
| #include <ac_nonexistent.h>
configure:4276: result: icc -E
configure:4305: icc -E  conftest.c
configure:4312: $? = 0
configure:4343: icc -E  conftest.c
conftest.c(10): error #2379: cannot open source file "ac_nonexistent.h"
  #include <ac_nonexistent.h>
                             ^

configure:4350: $? = 2
configure: failed program was:
| /* confdefs.h.  */
| #define PACKAGE_NAME "CitcomS"
| #define PACKAGE_TARNAME "CitcomS"
| #define PACKAGE_VERSION "3.1.0"
| #define PACKAGE_STRING "CitcomS 3.1.0"
| #define PACKAGE_BUGREPORT "cig-mc@geodynamics.org"
| #define PACKAGE "CitcomS"
| #define VERSION "3.1.0"
| /* end confdefs.h.  */
| #include <ac_nonexistent.h>
configure:4390: checking for grep that handles long lines and -e
configure:4450: result: /bin/grep
configure:4455: checking for egrep
configure:4519: result: /bin/grep -E
configure:4524: checking for ANSI C header files
configure:4554: icc -c -g -O2  conftest.c >&5
configure:4561: $? = 0
configure:4660: icc -o conftest -g -O2   conftest.c  >&5
configure:4664: $? = 0
configure:4670: ./conftest
configure:4674: $? = 0
configure:4692: result: yes
configure:4716: checking for sys/types.h
configure:4737: icc -c -g -O2  conftest.c >&5
configure:4744: $? = 0
configure:4761: result: yes
configure:4716: checking for sys/stat.h
configure:4737: icc -c -g -O2  conftest.c >&5
configure:4744: $? = 0
configure:4761: result: yes
configure:4716: checking for stdlib.h
configure:4737: icc -c -g -O2  conftest.c >&5
configure:4744: $? = 0
configure:4761: result: yes
configure:4716: checking for string.h
configure:4737: icc -c -g -O2  conftest.c >&5
configure:4744: $? = 0
configure:4761: result: yes
configure:4716: checking for memory.h
configure:4737: icc -c -g -O2  conftest.c >&5
configure:4744: $? = 0
configure:4761: result: yes
configure:4716: checking for strings.h
configure:4737: icc -c -g -O2  conftest.c >&5
configure:4744: $? = 0
configure:4761: result: yes
configure:4716: checking for inttypes.h
configure:4737: icc -c -g -O2  conftest.c >&5
configure:4744: $? = 0
configure:4761: result: yes
configure:4716: checking for stdint.h
configure:4737: icc -c -g -O2  conftest.c >&5
configure:4744: $? = 0
configure:4761: result: yes
configure:4716: checking for unistd.h
configure:4737: icc -c -g -O2  conftest.c >&5
configure:4744: $? = 0
configure:4761: result: yes
configure:4791: checking malloc.h usability
configure:4808: icc -c -g -O2  conftest.c >&5
configure:4815: $? = 0
configure:4829: result: yes
configure:4833: checking malloc.h presence
configure:4848: icc -E  conftest.c
configure:4855: $? = 0
configure:4869: result: yes
configure:4902: checking for malloc.h
configure:4911: result: yes
configure:4963: checking for a Python interpreter with version >= 2.3
configure:4980: python -c import sys # split strings by '.' and convert to numeric. Append some zeros # because we need at least 4 digits for the hex conversion. # map returns an iterator in Python 3.0 and a list in 2.x minver = list(map(int, '2.3'.split('.'))) + [0, 0, 0] minverhex = 0 # xrange is not present in Python 3.0 and range returns an iterator for i in list(range(0, 4)): minverhex = (minverhex << 8) + minver[i] sys.exit(sys.hexversion < minverhex)
configure:4983: $? = 0
configure:4990: result: python
configure:4998: checking for python
configure:5016: found /usr/bin/python
configure:5028: result: /usr/bin/python
configure:5048: checking for python version
configure:5055: result: 2.6
configure:5067: checking for python platform
configure:5074: result: linux2
configure:5081: checking for python script directory
configure:5110: result: ${prefix}/lib/python2.6/site-packages
configure:5119: checking for python extension module directory
configure:5148: result: ${exec_prefix}/lib64/python2.6/site-packages
configure:5164: checking python sysconfig
configure:5245: result: ok
configure:5290: checking for python include directory
configure:5298: result: /usr/include/python2.6
configure:5318: checking Python.h usability
configure:5335: icc -c -g -O2 -I/usr/include/python2.6  conftest.c >&5
/usr/include/python2.6/pyconfig-64.h(1034): warning #47: incompatible redefinition of macro "_POSIX_C_SOURCE" (declared at line 213 of "/usr/include/features.h")
  #define _POSIX_C_SOURCE 200112L
          ^

configure:5342: $? = 0
configure:5356: result: yes
configure:5360: checking Python.h presence
configure:5375: icc -E -I/usr/include/python2.6  conftest.c
configure:5382: $? = 0
configure:5396: result: yes
configure:5429: checking for Python.h
configure:5436: result: yes
configure:5465: downloading missing Python dependencies
configure:5468: /usr/bin/python setup.py install_deps -f /short/q97/shared/soft/CitcomSModDtopoRelease/deps -zmxd /short/q97/shared/soft/CitcomSModDtopoRelease/deps >&5 2>&5
/short/q97/shared/soft/CitcomSModDtopoRelease/python/merlin-1.8.egg/merlin/__init__.py:175: DeprecationWarning: the sets module is deprecated
/short/q97/shared/soft/CitcomSModDtopoRelease/python/merlin-1.8.egg/merlin/package_index.py:7: DeprecationWarning: the md5 module is deprecated; use hashlib instead
running install_deps
Checking .pth file support in /short/q97/shared/soft/CitcomSModDtopoRelease/deps
/usr/bin/python -E -c pass
running egg_info
writing requirements to CitcomS.egg-info/requires.txt
writing CitcomS.egg-info/PKG-INFO
writing top-level names to CitcomS.egg-info/top_level.txt
writing dependency_links to CitcomS.egg-info/dependency_links.txt
reading manifest file 'CitcomS.egg-info/SOURCES.txt'
writing manifest file 'CitcomS.egg-info/SOURCES.txt'

Installed /short/q97/shared/soft/CitcomSModDtopoRelease

Because this distribution was installed --multi-version, before you can
import modules from this package in an application, you will need to
'import merlin' and then use a 'require()' call similar to one of
these examples, in order to select the desired version:

    merlin.require("CitcomS")  # latest installed version
    merlin.require("CitcomS==3.1")  # this exact version
    merlin.require("CitcomS>=3.1")  # this version or higher


Note also that the installation directory must be on sys.path at runtime for
this to work.  (e.g. by being the application's script directory, by being on
PYTHONPATH, or by being added to sys.path by your code.)

Processing dependencies for CitcomS==3.1
configure:5471: $? = 0
configure:5485: building Python dependencies
configure:5488: /usr/bin/python setup.py develop -H None -f /short/q97/shared/soft/CitcomSModDtopoRelease/deps -x -d /short/q97/shared/soft/CitcomSModDtopoRelease/python >&5 2>&5
/short/q97/shared/soft/CitcomSModDtopoRelease/python/merlin-1.8.egg/merlin/__init__.py:175: DeprecationWarning: the sets module is deprecated
/short/q97/shared/soft/CitcomSModDtopoRelease/python/merlin-1.8.egg/merlin/package_index.py:7: DeprecationWarning: the md5 module is deprecated; use hashlib instead
running develop
Checking .pth file support in /short/q97/shared/soft/CitcomSModDtopoRelease/python
/usr/bin/python -E -c pass
running egg_info
writing requirements to CitcomS.egg-info/requires.txt
writing CitcomS.egg-info/PKG-INFO
writing top-level names to CitcomS.egg-info/top_level.txt
writing dependency_links to CitcomS.egg-info/dependency_links.txt
reading manifest file 'CitcomS.egg-info/SOURCES.txt'
writing manifest file 'CitcomS.egg-info/SOURCES.txt'
running build_ext
Creating /short/q97/shared/soft/CitcomSModDtopoRelease/python/CitcomS.egg-link (link to .)
Removing CitcomS 3.1 from merlin-install.pth file
Adding CitcomS 3.1 to merlin-install.pth file

Installed /short/q97/shared/soft/CitcomSModDtopoRelease
Processing dependencies for CitcomS==3.1
configure:5491: $? = 0
configure:5505: checking for egg-related flags
configure:5508: /usr/bin/python setup.py egg_flags >&5 2>&5
/short/q97/shared/soft/CitcomSModDtopoRelease/python/merlin-1.8.egg/merlin/__init__.py:175: DeprecationWarning: the sets module is deprecated
running egg_flags
configure:5511: $? = 0
configure:5513: result: ok
configure:5552: creating pyconfig
configure:5656: checking build system type
configure:5674: result: x86_64-unknown-linux-gnu
configure:5696: checking host system type
configure:5711: result: x86_64-unknown-linux-gnu
configure:5733: checking for a sed that does not truncate output
configure:5799: result: /bin/sed
configure:5817: checking for fgrep
configure:5881: result: /bin/grep -F
configure:5916: checking for ld used by icc
configure:5983: result: /opt/bin/ld
configure:5992: checking if the linker (/opt/bin/ld) is GNU ld
configure:6007: result: yes
configure:6019: checking for BSD- or MS-compatible name lister (nm)
configure:6068: result: /usr/bin/nm -B
configure:6186: checking the name lister (/usr/bin/nm -B) interface
configure:6193: icc -c -g -O2  conftest.c >&5
configure:6196: /usr/bin/nm -B "conftest.o"
configure:6199: output
0000000000000000 N .debug_info_seg
0000000000000000 B some_variable
configure:6206: result: BSD nm
configure:6209: checking whether ln -s works
configure:6213: result: yes
configure:6221: checking the maximum length of command line arguments
configure:6341: result: 12582912
configure:6358: checking whether the shell understands some XSI constructs
configure:6368: result: yes
configure:6372: checking whether the shell understands "+="
configure:6378: result: yes
configure:6413: checking for /opt/bin/ld option to reload object files
configure:6420: result: -r
configure:6489: checking for objdump
configure:6505: found /usr/bin/objdump
configure:6516: result: objdump
configure:6548: checking how to recognize dependent libraries
configure:6744: result: pass_all
configure:6804: checking for ar
configure:6820: found /usr/bin/ar
configure:6831: result: ar
configure:6909: checking for strip
configure:6925: found /usr/bin/strip
configure:6936: result: strip
configure:7008: checking for ranlib
configure:7024: found /usr/bin/ranlib
configure:7035: result: ranlib
configure:7125: checking command to parse /usr/bin/nm -B output from icc object
configure:7243: icc -c -g -O2  conftest.c >&5
configure:7246: $? = 0
configure:7250: /usr/bin/nm -B conftest.o \| sed -n -e 's/^.*[	 ]\([ABCDGIRSTW][ABCDGIRSTW]*\)[	 ][	 ]*\([_A-Za-z][_A-Za-z0-9]*\)$/\1 \2 \2/p' \> conftest.nm
configure:7253: $? = 0
configure:7307: icc -o conftest -g -O2   conftest.c conftstm.o >&5
configure:7310: $? = 0
configure:7348: result: ok
configure:7443: icc -c -g -O2  conftest.c >&5
configure:7446: $? = 0
configure:8213: checking for dlfcn.h
configure:8234: icc -c -g -O2  conftest.c >&5
configure:8241: $? = 0
configure:8258: result: yes
configure:8385: checking for C++ compiler version
configure:8393: icpc --version >&5
icpc (ICC) 13.1.0 20130121
Copyright (C) 1985-2013 Intel Corporation.  All rights reserved.

configure:8397: $? = 0
configure:8404: icpc -v >&5
icpc version 13.1.0 (gcc version 4.4.7 compatibility)
configure:8408: $? = 0
configure:8415: icpc -V >&5
Intel(R) C++ Intel(R) 64 Compiler XE for applications running on Intel(R) 64, Version 13.1.0.146 Build 20130121
Copyright (C) 1985-2013 Intel Corporation.  All rights reserved.

configure:8419: $? = 0
configure:8422: checking whether we are using the GNU C++ compiler
configure:8475: result: yes
configure:8484: checking whether icpc accepts -g
configure:8622: result: yes
configure:8647: checking dependency style of icpc
configure:8757: result: gcc3
configure:8780: checking how to run the C++ preprocessor
configure:8816: icpc -E  conftest.cpp
configure:8823: $? = 0
configure:8854: icpc -E  conftest.cpp
conftest.cpp(22): error #2379: cannot open source file "ac_nonexistent.h"
  #include <ac_nonexistent.h>
                             ^

configure:8861: $? = 2
configure: failed program was:
| /* confdefs.h.  */
| #define PACKAGE_NAME "CitcomS"
| #define PACKAGE_TARNAME "CitcomS"
| #define PACKAGE_VERSION "3.1.0"
| #define PACKAGE_STRING "CitcomS 3.1.0"
| #define PACKAGE_BUGREPORT "cig-mc@geodynamics.org"
| #define PACKAGE "CitcomS"
| #define VERSION "3.1.0"
| #define STDC_HEADERS 1
| #define HAVE_SYS_TYPES_H 1
| #define HAVE_SYS_STAT_H 1
| #define HAVE_STDLIB_H 1
| #define HAVE_STRING_H 1
| #define HAVE_MEMORY_H 1
| #define HAVE_STRINGS_H 1
| #define HAVE_INTTYPES_H 1
| #define HAVE_STDINT_H 1
| #define HAVE_UNISTD_H 1
| #define HAVE_MALLOC_H 1
| #define HAVE_DLFCN_H 1
| /* end confdefs.h.  */
| #include <ac_nonexistent.h>
configure:8894: result: icpc -E
configure:8923: icpc -E  conftest.cpp
configure:8930: $? = 0
configure:8961: icpc -E  conftest.cpp
conftest.cpp(22): error #2379: cannot open source file "ac_nonexistent.h"
  #include <ac_nonexistent.h>
                             ^

configure:8968: $? = 2
configure: failed program was:
| /* confdefs.h.  */
| #define PACKAGE_NAME "CitcomS"
| #define PACKAGE_TARNAME "CitcomS"
| #define PACKAGE_VERSION "3.1.0"
| #define PACKAGE_STRING "CitcomS 3.1.0"
| #define PACKAGE_BUGREPORT "cig-mc@geodynamics.org"
| #define PACKAGE "CitcomS"
| #define VERSION "3.1.0"
| #define STDC_HEADERS 1
| #define HAVE_SYS_TYPES_H 1
| #define HAVE_SYS_STAT_H 1
| #define HAVE_STDLIB_H 1
| #define HAVE_STRING_H 1
| #define HAVE_MEMORY_H 1
| #define HAVE_STRINGS_H 1
| #define HAVE_INTTYPES_H 1
| #define HAVE_STDINT_H 1
| #define HAVE_UNISTD_H 1
| #define HAVE_MALLOC_H 1
| #define HAVE_DLFCN_H 1
| /* end confdefs.h.  */
| #include <ac_nonexistent.h>
configure:9064: checking for g77
configure:9094: result: no
configure:9064: checking for xlf
configure:9094: result: no
configure:9064: checking for f77
configure:9094: result: no
configure:9064: checking for frt
configure:9094: result: no
configure:9064: checking for pgf77
configure:9094: result: no
configure:9064: checking for cf77
configure:9094: result: no
configure:9064: checking for fort77
configure:9094: result: no
configure:9064: checking for fl32
configure:9094: result: no
configure:9064: checking for af77
configure:9094: result: no
configure:9064: checking for xlf90
configure:9094: result: no
configure:9064: checking for f90
configure:9094: result: no
configure:9064: checking for pgf90
configure:9094: result: no
configure:9064: checking for pghpf
configure:9094: result: no
configure:9064: checking for epcf90
configure:9094: result: no
configure:9064: checking for gfortran
configure:9080: found /opt/bin/gfortran
configure:9091: result: gfortran
configure:9117: checking for Fortran 77 compiler version
configure:9125: gfortran --version >&5
GNU Fortran (GCC) 4.4.7 20120313 (Red Hat 4.4.7-17)
Copyright (C) 2010 Free Software Foundation, Inc.

GNU Fortran comes with NO WARRANTY, to the extent permitted by law.
You may redistribute copies of GNU Fortran
under the terms of the GNU General Public License.
For more information about these matters, see the file named COPYING

configure:9129: $? = 0
configure:9136: gfortran -v >&5
Using built-in specs.
Target: x86_64-redhat-linux
Configured with: ../configure --prefix=/usr --mandir=/usr/share/man --infodir=/usr/share/info --with-bugurl=http://bugzilla.redhat.com/bugzilla --enable-bootstrap --enable-shared --enable-threads=posix --enable-checking=release --with-system-zlib --enable-__cxa_atexit --disable-libunwind-exceptions --enable-gnu-unique-object --enable-languages=c,c++,objc,obj-c++,java,fortran,ada --enable-java-awt=gtk --disable-dssi --with-java-home=/usr/lib/jvm/java-1.5.0-gcj-1.5.0.0/jre --enable-libgcj-multifile --enable-java-maintainer-mode --with-ecj-jar=/usr/share/java/eclipse-ecj.jar --disable-libjava-multilib --with-ppl --with-cloog --with-tune=generic --with-arch_32=i686 --build=x86_64-redhat-linux
Thread model: posix
gcc version 4.4.7 20120313 (Red Hat 4.4.7-17) (GCC) 
configure:9140: $? = 0
configure:9147: gfortran -V >&5
gfortran: argument to '-V' missing
configure:9151: $? = 1
configure:9159: checking whether we are using the GNU Fortran 77 compiler
configure:9178: gfortran -c  conftest.F >&5
configure:9185: $? = 0
configure:9202: result: yes
configure:9208: checking whether gfortran accepts -g
configure:9225: gfortran -c -g conftest.f >&5
configure:9232: $? = 0
configure:9248: result: yes
configure:9456: checking for objdir
configure:9471: result: .libs
configure:9767: checking if icc supports -fno-rtti -fno-exceptions
configure:9785: icc -c -g -O2  -fno-rtti -fno-exceptions conftest.c >&5
configure:9789: $? = 0
configure:9802: result: yes
configure:9822: checking for icc option to produce PIC
configure:10094: result: -fPIC -DPIC
configure:10106: checking if icc PIC flag -fPIC -DPIC works
configure:10124: icc -c -g -O2  -fPIC -DPIC -DPIC conftest.c >&5
configure:10128: $? = 0
configure:10141: result: yes
configure:10165: checking if icc static flag -static works
configure:10193: result: yes
configure:10208: checking if icc supports -c -o file.o
configure:10229: icc -c -g -O2  -o out/conftest2.o conftest.c >&5
configure:10233: $? = 0
configure:10255: result: yes
configure:10263: checking if icc supports -c -o file.o
configure:10310: result: yes
configure:10343: checking whether the icc linker (/opt/bin/ld -m elf_x86_64) supports shared libraries
configure:11417: result: yes
configure:11454: checking whether -lc should be explicitly linked in
configure:11459: icc -c -g -O2  conftest.c >&5
configure:11462: $? = 0
configure:11477: icc -shared conftest.o  -v -Wl,-soname -Wl,conftest -o conftest 2\>\&1 \| /bin/grep  -lc  \>/dev/null 2\>\&1
configure:11480: $? = 0
configure:11492: result: no
configure:11656: checking dynamic linker characteristics
configure:12099: icc -o conftest -g -O2   -Wl,-rpath -Wl,/foo conftest.c  >&5
configure:12106: $? = 0
configure:12342: result: GNU/Linux ld.so
configure:12444: checking how to hardcode library paths into programs
configure:12469: result: immediate
configure:13302: checking whether stripping libraries is possible
configure:13307: result: yes
configure:13342: checking if libtool supports shared libraries
configure:13344: result: yes
configure:13347: checking whether to build shared libraries
configure:13368: result: yes
configure:13371: checking whether to build static libraries
configure:13375: result: yes
configure:13525: checking for ld used by icpc
configure:13592: result: /opt/bin/ld -m elf_x86_64
configure:13601: checking if the linker (/opt/bin/ld -m elf_x86_64) is GNU ld
configure:13616: result: yes
configure:13671: checking whether the icpc linker (/opt/bin/ld -m elf_x86_64) supports shared libraries
configure:14646: result: yes
configure:14674: icpc -c -g -O2  conftest.cpp >&5
configure:14677: $? = 0
configure:14859: checking for icpc option to produce PIC
configure:15176: result: -fPIC -DPIC
configure:15185: checking if icpc PIC flag -fPIC -DPIC works
configure:15203: icpc -c -g -O2  -fPIC -DPIC -DPIC conftest.cpp >&5
configure:15207: $? = 0
configure:15220: result: yes
configure:15241: checking if icpc static flag -static works
configure:15269: result: yes
configure:15281: checking if icpc supports -c -o file.o
configure:15302: icpc -c -g -O2  -o out/conftest2.o conftest.cpp >&5
configure:15306: $? = 0
configure:15328: result: yes
configure:15333: checking if icpc supports -c -o file.o
configure:15380: result: yes
configure:15410: checking whether the icpc linker (/opt/bin/ld -m elf_x86_64) supports shared libraries
configure:15436: result: yes
configure:15573: checking dynamic linker characteristics
configure:15964: icpc -o conftest -g -O2   -Wl,-rpath,/foo conftest.cpp  >&5
configure:15971: $? = 0
configure:16207: result: GNU/Linux ld.so
configure:16258: checking how to hardcode library paths into programs
configure:16283: result: immediate
configure:16424: checking if libtool supports shared libraries
configure:16426: result: yes
configure:16429: checking whether to build shared libraries
configure:16449: result: yes
configure:16452: checking whether to build static libraries
configure:16456: result: yes
configure:16470: checking for gfortran option to produce PIC
configure:16742: result: -fPIC
configure:16751: checking if gfortran PIC flag -fPIC works
configure:16769: gfortran -c -g -O2 -fPIC conftest.f >&5
configure:16773: $? = 0
configure:16786: result: yes
configure:16807: checking if gfortran static flag -static works
configure:16835: result: yes
configure:16847: checking if gfortran supports -c -o file.o
configure:16868: gfortran -c -g -O2 -o out/conftest2.o conftest.f >&5
configure:16872: $? = 0
configure:16894: result: yes
configure:16899: checking if gfortran supports -c -o file.o
configure:16946: result: yes
configure:16976: checking whether the gfortran linker (/opt/bin/ld -m elf_x86_64) supports shared libraries
configure:18030: result: yes
configure:18167: checking dynamic linker characteristics
configure:18548: gfortran -o conftest -g -O2  -Wl,-rpath -Wl,/foo conftest.f  >&5
configure:18555: $? = 0
configure:18791: result: GNU/Linux ld.so
configure:18842: checking how to hardcode library paths into programs
configure:18867: result: immediate
configure:18918: checking for library containing MPI_Init
configure:18959: icc -o conftest -g -O2   conftest.c  >&5
/short/q97/rxh562/tmp/iccbIEcHG.o: In function `main':
/short/q97/shared/soft/CitcomSModDtopoRelease/conftest.c:34: undefined reference to `MPI_Init'
configure:18966: $? = 1
configure: failed program was:
| /* confdefs.h.  */
| #define PACKAGE_NAME "CitcomS"
| #define PACKAGE_TARNAME "CitcomS"
| #define PACKAGE_VERSION "3.1.0"
| #define PACKAGE_STRING "CitcomS 3.1.0"
| #define PACKAGE_BUGREPORT "cig-mc@geodynamics.org"
| #define PACKAGE "CitcomS"
| #define VERSION "3.1.0"
| #define STDC_HEADERS 1
| #define HAVE_SYS_TYPES_H 1
| #define HAVE_SYS_STAT_H 1
| #define HAVE_STDLIB_H 1
| #define HAVE_STRING_H 1
| #define HAVE_MEMORY_H 1
| #define HAVE_STRINGS_H 1
| #define HAVE_INTTYPES_H 1
| #define HAVE_STDINT_H 1
| #define HAVE_UNISTD_H 1
| #define HAVE_MALLOC_H 1
| #define HAVE_DLFCN_H 1
| #define LT_OBJDIR ".libs/"
| /* end confdefs.h.  */
| 
| /* Override any GCC internal prototype to avoid an error.
|    Use char because int might match the return type of a GCC
|    builtin and then its argument prototype would still apply.  */
| #ifdef __cplusplus
| extern "C"
| #endif
| char MPI_Init ();
| int
| main ()
| {
| return MPI_Init ();
|   ;
|   return 0;
| }
configure:18959: icc -o conftest -g -O2   conftest.c -lmpi   >&5
configure:18966: $? = 0
configure:18997: result: -lmpi
configure:19009: checking for library containing sqrt
configure:19050: icc -o conftest -g -O2   conftest.c -lmpi  >&5
configure:19057: $? = 0
configure:19088: result: none required
configure:19318: checking for PyExchanger_exchangeBoundedBox
configure:19374: icpc -o conftest -g -O2   conftest.c  -L/usr/lib64 -L/usr/lib64/python2.6/config -lpython2.6 -lpthread -ldl -lutil  -lm -lmpi  >&5
/short/q97/rxh562/tmp/icpc3lTXY6.o: In function `main':
/short/q97/shared/soft/CitcomSModDtopoRelease/conftest.c:57: undefined reference to `PyExchanger_exchangeBoundedBox'
configure:19381: $? = 1
configure: failed program was:
| /* confdefs.h.  */
| #define PACKAGE_NAME "CitcomS"
| #define PACKAGE_TARNAME "CitcomS"
| #define PACKAGE_VERSION "3.1.0"
| #define PACKAGE_STRING "CitcomS 3.1.0"
| #define PACKAGE_BUGREPORT "cig-mc@geodynamics.org"
| #define PACKAGE "CitcomS"
| #define VERSION "3.1.0"
| #define STDC_HEADERS 1
| #define HAVE_SYS_TYPES_H 1
| #define HAVE_SYS_STAT_H 1
| #define HAVE_STDLIB_H 1
| #define HAVE_STRING_H 1
| #define HAVE_MEMORY_H 1
| #define HAVE_STRINGS_H 1
| #define HAVE_INTTYPES_H 1
| #define HAVE_STDINT_H 1
| #define HAVE_UNISTD_H 1
| #define HAVE_MALLOC_H 1
| #define HAVE_DLFCN_H 1
| #define LT_OBJDIR ".libs/"
| /* end confdefs.h.  */
| /* Define PyExchanger_exchangeBoundedBox to an innocuous variant, in case <limits.h> declares PyExchanger_exchangeBoundedBox.
|    For example, HP-UX 11i <limits.h> declares gettimeofday.  */
| #define PyExchanger_exchangeBoundedBox innocuous_PyExchanger_exchangeBoundedBox
| 
| /* System header to define __stub macros and hopefully few prototypes,
|     which can conflict with char PyExchanger_exchangeBoundedBox (); below.
|     Prefer <limits.h> to <assert.h> if __STDC__ is defined, since
|     <limits.h> exists even on freestanding compilers.  */
| 
| #ifdef __STDC__
| # include <limits.h>
| #else
| # include <assert.h>
| #endif
| 
| #undef PyExchanger_exchangeBoundedBox
| 
| /* Override any GCC internal prototype to avoid an error.
|    Use char because int might match the return type of a GCC
|    builtin and then its argument prototype would still apply.  */
| #ifdef __cplusplus
| extern "C"
| #endif
| char PyExchanger_exchangeBoundedBox ();
| /* The GNU C library defines this for functions which it implements
|     to always fail with ENOSYS.  Some functions are actually named
|     something starting with __ and the normal name is an alias.  */
| #if defined __stub_PyExchanger_exchangeBoundedBox || defined __stub___PyExchanger_exchangeBoundedBox
| choke me
| #endif
| 
| int
| main ()
| {
| return PyExchanger_exchangeBoundedBox ();
|   ;
|   return 0;
| }
configure:19401: result: no
configure:19409: WARNING: Exchanger library not found; disabling Exchanger support
configure:19435: checking mpi.h usability
configure:19452: icc -c -g -O2  conftest.c >&5
configure:19459: $? = 0
configure:19473: result: yes
configure:19477: checking mpi.h presence
configure:19492: icc -E  conftest.c
configure:19499: $? = 0
configure:19513: result: yes
configure:19546: checking for mpi.h
configure:19553: result: yes
configure:20121: checking for library containing gzopen
configure:20162: icc -o conftest -g -O2   conftest.c -lmpi  >&5
/short/q97/rxh562/tmp/iccl3ozJt.o: In function `main':
/short/q97/shared/soft/CitcomSModDtopoRelease/conftest.c:34: undefined reference to `gzopen'
configure:20169: $? = 1
configure: failed program was:
| /* confdefs.h.  */
| #define PACKAGE_NAME "CitcomS"
| #define PACKAGE_TARNAME "CitcomS"
| #define PACKAGE_VERSION "3.1.0"
| #define PACKAGE_STRING "CitcomS 3.1.0"
| #define PACKAGE_BUGREPORT "cig-mc@geodynamics.org"
| #define PACKAGE "CitcomS"
| #define VERSION "3.1.0"
| #define STDC_HEADERS 1
| #define HAVE_SYS_TYPES_H 1
| #define HAVE_SYS_STAT_H 1
| #define HAVE_STDLIB_H 1
| #define HAVE_STRING_H 1
| #define HAVE_MEMORY_H 1
| #define HAVE_STRINGS_H 1
| #define HAVE_INTTYPES_H 1
| #define HAVE_STDINT_H 1
| #define HAVE_UNISTD_H 1
| #define HAVE_MALLOC_H 1
| #define HAVE_DLFCN_H 1
| #define LT_OBJDIR ".libs/"
| /* end confdefs.h.  */
| 
| /* Override any GCC internal prototype to avoid an error.
|    Use char because int might match the return type of a GCC
|    builtin and then its argument prototype would still apply.  */
| #ifdef __cplusplus
| extern "C"
| #endif
| char gzopen ();
| int
| main ()
| {
| return gzopen ();
|   ;
|   return 0;
| }
configure:20162: icc -o conftest -g -O2   conftest.c -lz  -lmpi  >&5
configure:20169: $? = 0
configure:20200: result: -lz
configure:21049: creating ./config.status

## ---------------------- ##
## Running config.status. ##
## ---------------------- ##

This file was extended by CitcomS config.status 3.1.0, which was
generated by GNU Autoconf 2.63.  Invocation command line was

  CONFIG_FILES    = 
  CONFIG_HEADERS  = 
  CONFIG_LINKS    = 
  CONFIG_COMMANDS = 
  $ ./config.status 

on raijin4

config.status:1156: creating Makefile
config.status:1156: creating bin/Makefile
config.status:1156: creating CitcomS/Makefile
config.status:1156: creating etc/Makefile
config.status:1156: creating examples/Makefile
config.status:1156: creating lib/Makefile
config.status:1156: creating module/Makefile
config.status:1156: creating module/Exchanger/Makefile
config.status:1156: creating tests/Makefile
config.status:1156: creating visual/Makefile
config.status:1156: creating visual/OpenDXMacro/Makefile
config.status:1156: creating config.h
config.status:1430: executing depfiles commands
config.status:1430: executing libtool commands

## ---------------- ##
## Cache variables. ##
## ---------------- ##

ac_cv_build=x86_64-unknown-linux-gnu
ac_cv_c_compiler_gnu=yes
ac_cv_cxx_compiler_gnu=yes
ac_cv_env_CCC_set=
ac_cv_env_CCC_value=
ac_cv_env_CC_set=set
ac_cv_env_CC_value=icc
ac_cv_env_CFLAGS_set=
ac_cv_env_CFLAGS_value=
ac_cv_env_CPPFLAGS_set=
ac_cv_env_CPPFLAGS_value=
ac_cv_env_CPP_set=
ac_cv_env_CPP_value=
ac_cv_env_CXXCPP_set=
ac_cv_env_CXXCPP_value=
ac_cv_env_CXXFLAGS_set=
ac_cv_env_CXXFLAGS_value=
ac_cv_env_CXX_set=set
ac_cv_env_CXX_value=icpc
ac_cv_env_F77_set=
ac_cv_env_F77_value=
ac_cv_env_FFLAGS_set=
ac_cv_env_FFLAGS_value=
ac_cv_env_HC_HOME_set=
ac_cv_env_HC_HOME_value=
ac_cv_env_LDFLAGS_set=
ac_cv_env_LDFLAGS_value=
ac_cv_env_LIBS_set=
ac_cv_env_LIBS_value=
ac_cv_env_PHDF5_HOME_set=set
ac_cv_env_PHDF5_HOME_value=/short/v05/rxh562/work/soft/hdf5-1.6.5
ac_cv_env_PYTHONPATH_set=set
ac_cv_env_PYTHONPATH_value=:/home/562/rxh562/pp_scripts/CIG/PPScripts/:/home/562/rxh562/pp_scripts/:/home/562/rxh562/pp_scripts/CIG/PPScripts/:/home/562/rxh562/pp_scripts/
ac_cv_env_PYTHON_set=
ac_cv_env_PYTHON_value=
ac_cv_env_build_alias_set=
ac_cv_env_build_alias_value=
ac_cv_env_host_alias_set=
ac_cv_env_host_alias_value=
ac_cv_env_target_alias_set=
ac_cv_env_target_alias_value=
ac_cv_f77_compiler_gnu=yes
ac_cv_func_PyExchanger_exchangeBoundedBox=no
ac_cv_header_Python_h=yes
ac_cv_header_dlfcn_h=yes
ac_cv_header_inttypes_h=yes
ac_cv_header_malloc_h=yes
ac_cv_header_memory_h=yes
ac_cv_header_mpi_h=yes
ac_cv_header_stdc=yes
ac_cv_header_stdint_h=yes
ac_cv_header_stdlib_h=yes
ac_cv_header_string_h=yes
ac_cv_header_strings_h=yes
ac_cv_header_sys_stat_h=yes
ac_cv_header_sys_types_h=yes
ac_cv_header_unistd_h=yes
ac_cv_host=x86_64-unknown-linux-gnu
ac_cv_objext=o
ac_cv_path_EGREP='/bin/grep -E'
ac_cv_path_FGREP='/bin/grep -F'
ac_cv_path_GREP=/bin/grep
ac_cv_path_PYTHON=/usr/bin/python
ac_cv_path_SED=/bin/sed
ac_cv_path_install='/usr/bin/install -c'
ac_cv_path_mkdir=/bin/mkdir
ac_cv_prog_AWK=gawk
ac_cv_prog_CPP='icc -E'
ac_cv_prog_CXXCPP='icpc -E'
ac_cv_prog_ac_ct_AR=ar
ac_cv_prog_ac_ct_F77=gfortran
ac_cv_prog_ac_ct_OBJDUMP=objdump
ac_cv_prog_ac_ct_RANLIB=ranlib
ac_cv_prog_ac_ct_STRIP=strip
ac_cv_prog_cc_c89=
ac_cv_prog_cc_g=yes
ac_cv_prog_cxx_g=yes
ac_cv_prog_f77_g=yes
ac_cv_prog_make_make_set=yes
ac_cv_search_MPI_Init=-lmpi
ac_cv_search_gzopen=-lz
ac_cv_search_sqrt='none required'
am_cv_CC_dependencies_compiler_type=gcc3
am_cv_CXX_dependencies_compiler_type=gcc3
am_cv_pathless_PYTHON=python
am_cv_python_platform=linux2
am_cv_python_pyexecdir='${exec_prefix}/lib64/python2.6/site-packages'
am_cv_python_pythondir='${prefix}/lib/python2.6/site-packages'
am_cv_python_version=2.6
lt_cv_deplibs_check_method=pass_all
lt_cv_file_magic_cmd='$MAGIC_CMD'
lt_cv_file_magic_test_file=
lt_cv_ld_reload_flag=-r
lt_cv_nm_interface='BSD nm'
lt_cv_objdir=.libs
lt_cv_path_LD=/opt/bin/ld
lt_cv_path_LDCXX='/opt/bin/ld -m elf_x86_64'
lt_cv_path_NM='/usr/bin/nm -B'
lt_cv_prog_compiler_c_o=yes
lt_cv_prog_compiler_c_o_CXX=yes
lt_cv_prog_compiler_c_o_F77=yes
lt_cv_prog_compiler_pic_works=yes
lt_cv_prog_compiler_pic_works_CXX=yes
lt_cv_prog_compiler_pic_works_F77=yes
lt_cv_prog_compiler_rtti_exceptions=yes
lt_cv_prog_compiler_static_works=yes
lt_cv_prog_compiler_static_works_CXX=yes
lt_cv_prog_compiler_static_works_F77=yes
lt_cv_prog_gnu_ld=yes
lt_cv_prog_gnu_ldcxx=yes
lt_cv_sys_global_symbol_pipe='sed -n -e '\''s/^.*[	 ]\([ABCDGIRSTW][ABCDGIRSTW]*\)[	 ][	 ]*\([_A-Za-z][_A-Za-z0-9]*\)$/\1 \2 \2/p'\'''
lt_cv_sys_global_symbol_to_c_name_address='sed -n -e '\''s/^: \([^ ]*\) $/  {\"\1\", (void *) 0},/p'\'' -e '\''s/^[ABCDGIRSTW]* \([^ ]*\) \([^ ]*\)$/  {"\2", (void *) \&\2},/p'\'''
lt_cv_sys_global_symbol_to_c_name_address_lib_prefix='sed -n -e '\''s/^: \([^ ]*\) $/  {\"\1\", (void *) 0},/p'\'' -e '\''s/^[ABCDGIRSTW]* \([^ ]*\) \(lib[^ ]*\)$/  {"\2", (void *) \&\2},/p'\'' -e '\''s/^[ABCDGIRSTW]* \([^ ]*\) \([^ ]*\)$/  {"lib\2", (void *) \&\2},/p'\'''
lt_cv_sys_global_symbol_to_cdecl='sed -n -e '\''s/^T .* \(.*\)$/extern int \1();/p'\'' -e '\''s/^[ABCDGIRSTW]* .* \(.*\)$/extern char \1;/p'\'''
lt_cv_sys_max_cmd_len=12582912

## ----------------- ##
## Output variables. ##
## ----------------- ##

ACLOCAL='${SHELL} /short/q97/shared/soft/CitcomSModDtopoRelease/aux-config/missing --run aclocal-1.11'
AMDEPBACKSLASH='\'
AMDEP_FALSE='#'
AMDEP_TRUE=''
AMTAR='${SHELL} /short/q97/shared/soft/CitcomSModDtopoRelease/aux-config/missing --run tar'
AR='ar'
AUTOCONF='${SHELL} /short/q97/shared/soft/CitcomSModDtopoRelease/aux-config/missing --run autoconf'
AUTOHEADER='${SHELL} /short/q97/shared/soft/CitcomSModDtopoRelease/aux-config/missing --run autoheader'
AUTOMAKE='${SHELL} /short/q97/shared/soft/CitcomSModDtopoRelease/aux-config/missing --run automake-1.11'
AWK='gawk'
CC='icc'
CCDEPMODE='depmode=gcc3'
CFLAGS='-g -O2'
COND_CUDA_FALSE=''
COND_CUDA_TRUE='#'
COND_EMBEDDING_FALSE='#'
COND_EMBEDDING_TRUE=''
COND_EXCHANGER_FALSE=''
COND_EXCHANGER_TRUE='#'
COND_GGRD_FALSE=''
COND_GGRD_TRUE='#'
COND_HDF5_FALSE=''
COND_HDF5_TRUE='#'
COND_PYRE_FALSE='#'
COND_PYRE_TRUE=''
CPP='icc -E'
CPPFLAGS='-DUSE_GZDIR '
CXX='icpc'
CXXCPP='icpc -E'
CXXDEPMODE='depmode=gcc3'
CXXFLAGS='-g -O2'
CYGPATH_W='echo'
DEFS='-DHAVE_CONFIG_H'
DEPDIR='.deps'
DSYMUTIL=''
DUMPBIN=''
ECHO_C=''
ECHO_N='-n'
ECHO_T=''
EGREP='/bin/grep -E'
EXEEXT=''
F77='gfortran'
FFLAGS='-g -O2'
FGREP='/bin/grep -F'
GREP='/bin/grep'
HC_HOME=''
INSTALL_DATA='${INSTALL} -m 644'
INSTALL_PROGRAM='${INSTALL}'
INSTALL_SCRIPT='${INSTALL}'
INSTALL_STRIP_PROGRAM='$(install_sh) -c -s'
LD='/opt/bin/ld -m elf_x86_64'
LDFLAGS=''
LIBOBJS=''
LIBS='-lz -lmpi '
LIBTOOL='$(SHELL) $(top_builddir)/libtool'
LIPO=''
LN_S='ln -s'
LTLIBOBJS=''
MAKEINFO='${SHELL} /short/q97/shared/soft/CitcomSModDtopoRelease/aux-config/missing --run makeinfo'
MKDIR_P='/bin/mkdir -p'
NM='/usr/bin/nm -B'
NMEDIT=''
OBJDUMP='objdump'
OBJEXT='o'
OTOOL64=''
OTOOL=''
PACKAGE='CitcomS'
PACKAGE_BUGREPORT='cig-mc@geodynamics.org'
PACKAGE_NAME='CitcomS'
PACKAGE_STRING='CitcomS 3.1.0'
PACKAGE_TARNAME='CitcomS'
PACKAGE_VERSION='3.1.0'
PATH_SEPARATOR=':'
PHDF5_HOME='/short/v05/rxh562/work/soft/hdf5-1.6.5'
PYCONFIG='$(top_builddir)/pyconfig'
PYTHON='/usr/bin/python'
PYTHONPATH='${prefix}/lib/python2.6/site-packages:${exec_prefix}/lib64/python2.6/site-packages::/home/562/rxh562/pp_scripts/CIG/PPScripts/:/home/562/rxh562/pp_scripts/:/home/562/rxh562/pp_scripts/CIG/PPScripts/:/home/562/rxh562/pp_scripts/'
PYTHON_BLDLIBRARY='-L/usr/lib64 -L/usr/lib64/python2.6/config -lpython2.6'
PYTHON_EGG_CFLAGS=''
PYTHON_EGG_CPPFLAGS='-I/short/q97/shared/soft/CitcomSModDtopoRelease/python/pythia-0.8.1.11-py2.6.egg'
PYTHON_EGG_LDFLAGS=''
PYTHON_EGG_LIBS=''
PYTHON_EGG_PYXFLAGS='-I/short/q97/shared/soft/CitcomSModDtopoRelease/python/pythia-0.8.1.11-py2.6.egg/mpi'
PYTHON_EXEC_PREFIX='${exec_prefix}'
PYTHON_INCDIR='/usr/include/python2.6'
PYTHON_LA_LDFLAGS=''
PYTHON_LDFLAGS=''
PYTHON_LDLAST=''
PYTHON_LDLIBRARY='libpython2.6.so'
PYTHON_LIBDIR='/usr/lib64'
PYTHON_LIBP='/usr/lib64/python2.6'
PYTHON_LIBPL='/usr/lib64/python2.6/config'
PYTHON_LIBS='-lpthread -ldl -lutil'
PYTHON_LINKFORSHARED='-Xlinker -export-dynamic'
PYTHON_MODLIBS=''
PYTHON_PLATFORM='linux2'
PYTHON_PREFIX='${prefix}'
PYTHON_SYSLIBS='-lm'
PYTHON_VERSION='2.6'
RANLIB='ranlib'
SED='/bin/sed'
SET_MAKE=''
SHELL='/bin/sh'
STRIP='strip'
VERSION='3.1.0'
ac_ct_CC=''
ac_ct_CXX=''
ac_ct_DUMPBIN=''
ac_ct_F77='gfortran'
am__EXEEXT_FALSE=''
am__EXEEXT_TRUE='#'
am__fastdepCC_FALSE='#'
am__fastdepCC_TRUE=''
am__fastdepCXX_FALSE='#'
am__fastdepCXX_TRUE=''
am__include='include'
am__isrc=''
am__leading_dot='.'
am__quote=''
am__tar='${AMTAR} chof - "$$tardir"'
am__untar='${AMTAR} xf -'
bindir='${exec_prefix}/bin'
build='x86_64-unknown-linux-gnu'
build_alias=''
build_cpu='x86_64'
build_os='linux-gnu'
build_vendor='unknown'
datadir='${datarootdir}'
datarootdir='${prefix}/share'
docdir='${datarootdir}/doc/${PACKAGE_TARNAME}'
dvidir='${docdir}'
exec_prefix='${prefix}'
host='x86_64-unknown-linux-gnu'
host_alias=''
host_cpu='x86_64'
host_os='linux-gnu'
host_vendor='unknown'
htmldir='${docdir}'
includedir='${prefix}/include'
infodir='${datarootdir}/info'
install_sh='${SHELL} /short/q97/shared/soft/CitcomSModDtopoRelease/aux-config/install-sh'
libdir='${exec_prefix}/lib'
libexecdir='${exec_prefix}/libexec'
localedir='${datarootdir}/locale'
localstatedir='${prefix}/var'
lt_ECHO='echo'
mandir='${datarootdir}/man'
mkdir_p='/bin/mkdir -p'
oldincludedir='/usr/include'
pdfdir='${docdir}'
pkgpyexecdir='${pyexecdir}/CitcomS'
pkgpythondir='${pythondir}/CitcomS'
pkgsysconfdir='${sysconfdir}/CitcomS'
prefix='/usr/local'
program_transform_name='s,x,x,'
psdir='${docdir}'
pyexecdir='${exec_prefix}/lib64/python2.6/site-packages'
pythondir='${prefix}/lib/python2.6/site-packages'
sbindir='${exec_prefix}/sbin'
sharedstatedir='${prefix}/com'
sysconfdir='${prefix}/etc'
target_alias=''

## ----------- ##
## confdefs.h. ##
## ----------- ##

#define PACKAGE_NAME "CitcomS"
#define PACKAGE_TARNAME "CitcomS"
#define PACKAGE_VERSION "3.1.0"
#define PACKAGE_STRING "CitcomS 3.1.0"
#define PACKAGE_BUGREPORT "cig-mc@geodynamics.org"
#define PACKAGE "CitcomS"
#define VERSION "3.1.0"
#define STDC_HEADERS 1
#define HAVE_SYS_TYPES_H 1
#define HAVE_SYS_STAT_H 1
#define HAVE_STDLIB_H 1
#define HAVE_STRING_H 1
#define HAVE_MEMORY_H 1
#define HAVE_STRINGS_H 1
#define HAVE_INTTYPES_H 1
#define HAVE_STDINT_H 1
#define HAVE_UNISTD_H 1
#define HAVE_MALLOC_H 1
#define HAVE_DLFCN_H 1
#define LT_OBJDIR ".libs/"

configure: exit 0
